<?xml version="1.0" encoding="UTF-8"?>
<!-- Generated by org.testng.reporters.JUnitReportReporter -->
<testsuite skipped="0" hostname="Admin-PC" name="Scripts.login" tests="2" failures="0" timestamp="23 Nov 2018 03:05:21 GMT" time="41.383" errors="0">
  <testcase name="loginscript" time="19.312" classname="Scripts.login"/>
  <testcase name="loginscript" time="22.071" classname="Scripts.login"/>
</testsuite> <!-- Scripts.login -->
